<?xml version="1.0" encoding="utf-8"?><testsuites><testsuite name="pytest" errors="0" failures="0" skipped="0" tests="2" time="2.479" timestamp="2024-07-18T14:36:36.370689" hostname="DESKTOP-IGAT5V2"><testcase classname="tests.unit.test_lamba_function.TestLambdaHandler" name="test_create_secret_event_existing_pending_secret" time="0.005" /><testcase classname="tests.unit.test_lamba_function.TestLambdaHandler" name="test_create_secret_event_creates_new_pending_secret" time="0.024" /></testsuite></testsuites>